{"total": {"lines":{"total":770,"covered":698,"skipped":0,"pct":90.64},"statements":{"total":770,"covered":698,"skipped":0,"pct":90.64},"functions":{"total":21,"covered":12,"skipped":0,"pct":57.14},"branches":{"total":28,"covered":22,"skipped":0,"pct":78.57},"branchesTrue":{"total":0,"covered":0,"skipped":0,"pct":100}}
,"/Users/scordero414/Documents/webs/payment-checkout/src/app/page.tsx": {"lines":{"total":27,"covered":27,"skipped":0,"pct":100},"functions":{"total":1,"covered":1,"skipped":0,"pct":100},"statements":{"total":27,"covered":27,"skipped":0,"pct":100},"branches":{"total":1,"covered":1,"skipped":0,"pct":100}}
,"/Users/scordero414/Documents/webs/payment-checkout/src/app/product/[productId]/page.tsx": {"lines":{"total":78,"covered":78,"skipped":0,"pct":100},"functions":{"total":2,"covered":2,"skipped":0,"pct":100},"statements":{"total":78,"covered":78,"skipped":0,"pct":100},"branches":{"total":3,"covered":3,"skipped":0,"pct":100}}
,"/Users/scordero414/Documents/webs/payment-checkout/src/components/common/credit-card.tsx": {"lines":{"total":102,"covered":89,"skipped":0,"pct":87.25},"functions":{"total":1,"covered":1,"skipped":0,"pct":100},"statements":{"total":102,"covered":89,"skipped":0,"pct":87.25},"branches":{"total":5,"covered":1,"skipped":0,"pct":20}}
,"/Users/scordero414/Documents/webs/payment-checkout/src/components/modals/insert-credit-card-modal.tsx": {"lines":{"total":229,"covered":194,"skipped":0,"pct":84.71},"functions":{"total":2,"covered":1,"skipped":0,"pct":50},"statements":{"total":229,"covered":194,"skipped":0,"pct":84.71},"branches":{"total":8,"covered":7,"skipped":0,"pct":87.5}}
,"/Users/scordero414/Documents/webs/payment-checkout/src/components/product-info/checkout-info.tsx": {"lines":{"total":112,"covered":111,"skipped":0,"pct":99.1},"functions":{"total":1,"covered":1,"skipped":0,"pct":100},"statements":{"total":112,"covered":111,"skipped":0,"pct":99.1},"branches":{"total":3,"covered":2,"skipped":0,"pct":66.66}}
,"/Users/scordero414/Documents/webs/payment-checkout/src/components/product-info/pay-action.tsx": {"lines":{"total":80,"covered":70,"skipped":0,"pct":87.5},"functions":{"total":3,"covered":1,"skipped":0,"pct":33.33},"statements":{"total":80,"covered":70,"skipped":0,"pct":87.5},"branches":{"total":2,"covered":2,"skipped":0,"pct":100}}
,"/Users/scordero414/Documents/webs/payment-checkout/src/components/products/product-item.tsx": {"lines":{"total":47,"covered":45,"skipped":0,"pct":95.74},"functions":{"total":2,"covered":1,"skipped":0,"pct":50},"statements":{"total":47,"covered":45,"skipped":0,"pct":95.74},"branches":{"total":1,"covered":1,"skipped":0,"pct":100}}
,"/Users/scordero414/Documents/webs/payment-checkout/src/components/products/product-list.tsx": {"lines":{"total":21,"covered":21,"skipped":0,"pct":100},"functions":{"total":1,"covered":1,"skipped":0,"pct":100},"statements":{"total":21,"covered":21,"skipped":0,"pct":100},"branches":{"total":2,"covered":2,"skipped":0,"pct":100}}
,"/Users/scordero414/Documents/webs/payment-checkout/src/constants/regexs.ts": {"lines":{"total":4,"covered":4,"skipped":0,"pct":100},"functions":{"total":0,"covered":0,"skipped":0,"pct":100},"statements":{"total":4,"covered":4,"skipped":0,"pct":100},"branches":{"total":0,"covered":0,"skipped":0,"pct":100}}
,"/Users/scordero414/Documents/webs/payment-checkout/src/constants/slice-names-constants.ts": {"lines":{"total":5,"covered":5,"skipped":0,"pct":100},"functions":{"total":0,"covered":0,"skipped":0,"pct":100},"statements":{"total":5,"covered":5,"skipped":0,"pct":100},"branches":{"total":0,"covered":0,"skipped":0,"pct":100}}
,"/Users/scordero414/Documents/webs/payment-checkout/src/hooks/use-handle-open.tsx": {"lines":{"total":19,"covered":15,"skipped":0,"pct":78.94},"functions":{"total":3,"covered":1,"skipped":0,"pct":33.33},"statements":{"total":19,"covered":15,"skipped":0,"pct":78.94},"branches":{"total":1,"covered":1,"skipped":0,"pct":100}}
,"/Users/scordero414/Documents/webs/payment-checkout/src/hooks/use-is-mobile-device.tsx": {"lines":{"total":8,"covered":8,"skipped":0,"pct":100},"functions":{"total":1,"covered":1,"skipped":0,"pct":100},"statements":{"total":8,"covered":8,"skipped":0,"pct":100},"branches":{"total":1,"covered":1,"skipped":0,"pct":100}}
,"/Users/scordero414/Documents/webs/payment-checkout/src/redux/payment-checkout/payment-checkout-slice.ts": {"lines":{"total":26,"covered":24,"skipped":0,"pct":92.3},"functions":{"total":2,"covered":1,"skipped":0,"pct":50},"statements":{"total":26,"covered":24,"skipped":0,"pct":92.3},"branches":{"total":1,"covered":1,"skipped":0,"pct":100}}
,"/Users/scordero414/Documents/webs/payment-checkout/src/utils/encryption.ts": {"lines":{"total":12,"covered":7,"skipped":0,"pct":58.33},"functions":{"total":2,"covered":0,"skipped":0,"pct":0},"statements":{"total":12,"covered":7,"skipped":0,"pct":58.33},"branches":{"total":0,"covered":0,"skipped":0,"pct":100}}
}
