{"total": {"lines":{"total":604,"covered":552,"skipped":0,"pct":91.39},"statements":{"total":604,"covered":552,"skipped":0,"pct":91.39},"functions":{"total":15,"covered":10,"skipped":0,"pct":66.66},"branches":{"total":22,"covered":18,"skipped":0,"pct":81.81},"branchesTrue":{"total":0,"covered":0,"skipped":0,"pct":100}}
,"/Users/scordero414/Documents/webs/payment-checkout/src/app/page.tsx": {"lines":{"total":27,"covered":27,"skipped":0,"pct":100},"functions":{"total":1,"covered":1,"skipped":0,"pct":100},"statements":{"total":27,"covered":27,"skipped":0,"pct":100},"branches":{"total":1,"covered":1,"skipped":0,"pct":100}}
,"/Users/scordero414/Documents/webs/payment-checkout/src/app/product/[productId]/page.tsx": {"lines":{"total":79,"covered":79,"skipped":0,"pct":100},"functions":{"total":2,"covered":2,"skipped":0,"pct":100},"statements":{"total":79,"covered":79,"skipped":0,"pct":100},"branches":{"total":3,"covered":3,"skipped":0,"pct":100}}
,"/Users/scordero414/Documents/webs/payment-checkout/src/components/common/credit-card.tsx": {"lines":{"total":102,"covered":89,"skipped":0,"pct":87.25},"functions":{"total":1,"covered":1,"skipped":0,"pct":100},"statements":{"total":102,"covered":89,"skipped":0,"pct":87.25},"branches":{"total":5,"covered":1,"skipped":0,"pct":20}}
,"/Users/scordero414/Documents/webs/payment-checkout/src/components/modals/insert-credit-card-modal.tsx": {"lines":{"total":215,"covered":189,"skipped":0,"pct":87.9},"functions":{"total":2,"covered":1,"skipped":0,"pct":50},"statements":{"total":215,"covered":189,"skipped":0,"pct":87.9},"branches":{"total":6,"covered":6,"skipped":0,"pct":100}}
,"/Users/scordero414/Documents/webs/payment-checkout/src/components/product-info/pay-action.tsx": {"lines":{"total":82,"covered":75,"skipped":0,"pct":91.46},"functions":{"total":2,"covered":1,"skipped":0,"pct":50},"statements":{"total":82,"covered":75,"skipped":0,"pct":91.46},"branches":{"total":2,"covered":2,"skipped":0,"pct":100}}
,"/Users/scordero414/Documents/webs/payment-checkout/src/components/products/product-item.tsx": {"lines":{"total":47,"covered":45,"skipped":0,"pct":95.74},"functions":{"total":2,"covered":1,"skipped":0,"pct":50},"statements":{"total":47,"covered":45,"skipped":0,"pct":95.74},"branches":{"total":1,"covered":1,"skipped":0,"pct":100}}
,"/Users/scordero414/Documents/webs/payment-checkout/src/components/products/product-list.tsx": {"lines":{"total":21,"covered":21,"skipped":0,"pct":100},"functions":{"total":1,"covered":1,"skipped":0,"pct":100},"statements":{"total":21,"covered":21,"skipped":0,"pct":100},"branches":{"total":2,"covered":2,"skipped":0,"pct":100}}
,"/Users/scordero414/Documents/webs/payment-checkout/src/constants/regexs.ts": {"lines":{"total":4,"covered":4,"skipped":0,"pct":100},"functions":{"total":0,"covered":0,"skipped":0,"pct":100},"statements":{"total":4,"covered":4,"skipped":0,"pct":100},"branches":{"total":0,"covered":0,"skipped":0,"pct":100}}
,"/Users/scordero414/Documents/webs/payment-checkout/src/hooks/use-handle-open.tsx": {"lines":{"total":19,"covered":15,"skipped":0,"pct":78.94},"functions":{"total":3,"covered":1,"skipped":0,"pct":33.33},"statements":{"total":19,"covered":15,"skipped":0,"pct":78.94},"branches":{"total":1,"covered":1,"skipped":0,"pct":100}}
,"/Users/scordero414/Documents/webs/payment-checkout/src/hooks/use-is-mobile-device.tsx": {"lines":{"total":8,"covered":8,"skipped":0,"pct":100},"functions":{"total":1,"covered":1,"skipped":0,"pct":100},"statements":{"total":8,"covered":8,"skipped":0,"pct":100},"branches":{"total":1,"covered":1,"skipped":0,"pct":100}}
}
